C:\These\devComets\FFMPEG_TCL\FFMPEG_TCL\Release\cl.command.1.tlog
C:\These\devComets\FFMPEG_TCL\FFMPEG_TCL\Release\CL.read.1.tlog
C:\These\devComets\FFMPEG_TCL\FFMPEG_TCL\Release\CL.write.1.tlog
C:\THESE\DEVCOMETS\FFMPEG_TCL\FFMPEG_TCL\RELEASE\DLLMAIN.OBJ
C:\THESE\DEVCOMETS\FFMPEG_TCL\FFMPEG_TCL\RELEASE\FFMPEG_TCL.DLL
C:\THESE\DEVCOMETS\FFMPEG_TCL\FFMPEG_TCL\RELEASE\FFMPEG_TCL.DLL.INTERMEDIATE.MANIFEST
C:\These\devComets\FFMPEG_TCL\FFMPEG_TCL\Release\FFMPEG_TCL.exp
C:\These\devComets\FFMPEG_TCL\FFMPEG_TCL\Release\FFMPEG_TCL.lib
C:\THESE\DEVCOMETS\FFMPEG_TCL\FFMPEG_TCL\RELEASE\FFMPEG_TCL.OBJ
C:\THESE\DEVCOMETS\FFMPEG_TCL\FFMPEG_TCL\RELEASE\FFMPEG_TCL.PCH
C:\THESE\DEVCOMETS\FFMPEG_TCL\FFMPEG_TCL\RELEASE\FFMPEG_TCL.PDB
C:\These\devComets\FFMPEG_TCL\FFMPEG_TCL\Release\FFMPEG_TCL.write.1.tlog
C:\THESE\DEVCOMETS\FFMPEG_TCL\FFMPEG_TCL\RELEASE\FFMPEGINIT.OBJ
C:\THESE\DEVCOMETS\FFMPEG_TCL\FFMPEG_TCL\RELEASE\FFMPEGVIDEO.OBJ
C:\THESE\DEVCOMETS\FFMPEG_TCL\FFMPEG_TCL\RELEASE\INFOS_AUDIO.OBJ
C:\These\devComets\FFMPEG_TCL\FFMPEG_TCL\Release\link.command.1.tlog
C:\These\devComets\FFMPEG_TCL\FFMPEG_TCL\Release\link.read.1.tlog
C:\These\devComets\FFMPEG_TCL\FFMPEG_TCL\Release\link.write.1.tlog
C:\These\devComets\FFMPEG_TCL\FFMPEG_TCL\Release\mt.command.1.tlog
C:\These\devComets\FFMPEG_TCL\FFMPEG_TCL\Release\mt.read.1.tlog
C:\These\devComets\FFMPEG_TCL\FFMPEG_TCL\Release\mt.write.1.tlog
C:\THESE\DEVCOMETS\FFMPEG_TCL\FFMPEG_TCL\RELEASE\STDAFX.OBJ
C:\THESE\DEVCOMETS\FFMPEG_TCL\FFMPEG_TCL\RELEASE\VC100.PDB
