La génération a démarré 10/01/2012 10:58:27.
     1>Projet "C:\These\devComets\FFMPEG_TCL\FFMPEG_TCL\FFMPEG_TCL.vcxproj" sur le nœud 2 (build cible(s)).
     1>InitializeBuildStatus:
         Mise à jour de l'horodatage "Debug\FFMPEG_TCL.unsuccessfulbuild".
       ClCompile:
         Toutes les sorties sont à jour.
         Toutes les sorties sont à jour.
         c:\Program Files (x86)\Microsoft Visual Studio 10.0\VC\bin\CL.exe /c /IC:\Tcl\include /IC:\These\devComets\FFMPEG\include /IC:\FMOD\api\inc /IC:\These\devComets\FFMPEG_TCL\FFMPEG_TCL /I"C:\These\B207\Route 66\slimlib\slimcore\includes" /IC:\These\B207 /ZI /nologo /W3 /WX- /Od /Oy- /D WIN32 /D _DEBUG /D _WINDOWS /D _USRDLL /D FFMPEG_TCL_EXPORTS /D _WINDLL /D _UNICODE /D UNICODE /Gm /EHsc /RTC1 /MDd /GS /fp:precise /Zc:wchar_t /Zc:forScope /Fo"Debug\\" /Fd"Debug\vc100.pdb" /Gd /TP /analyze- /errorReport:prompt ffmpegvideo.cpp
         ffmpegvideo.cpp
     1>c:\these\devcomets\ffmpeg\include\libavutil\common.h(171): warning C4244: 'return' : conversion de 'int64_t' en 'int32_t', perte possible de données
     1>c:\these\devcomets\ffmpeg\include\libavutil\common.h(230): warning C4244: 'argument' : conversion de 'uint64_t' en 'uint32_t', perte possible de données
     1>c:\these\devcomets\ffmpeg_tcl\ffmpeg_tcl\infos_audio.cpp(157): warning C4244: '=' : conversion de 'int64_t' en 'double', perte possible de données
     1>c:\these\devcomets\ffmpeg_tcl\ffmpeg_tcl\infos_audio.cpp(180): warning C4018: '>=' : incompatibilité signed/unsigned
     1>c:\these\devcomets\ffmpeg_tcl\ffmpeg_tcl\infos_audio.cpp(188): warning C4018: '>=' : incompatibilité signed/unsigned
     1>c:\these\devcomets\ffmpeg_tcl\ffmpeg_tcl\ffmpegvideo.h(71): warning C4244: 'return' : conversion de 'int64_t' en 'const unsigned int', perte possible de données
     1>c:\these\devcomets\ffmpeg_tcl\ffmpeg_tcl\ffmpegvideo.cpp(123): warning C4018: '<' : incompatibilité signed/unsigned
     1>c:\these\devcomets\ffmpeg_tcl\ffmpeg_tcl\ffmpegvideo.cpp(400): warning C4018: '>=' : incompatibilité signed/unsigned
     1>c:\these\devcomets\ffmpeg_tcl\ffmpeg_tcl\ffmpegvideo.cpp(426): warning C4018: '>' : incompatibilité signed/unsigned
     1>c:\these\devcomets\ffmpeg_tcl\ffmpeg_tcl\ffmpegvideo.cpp(466): warning C4244: '=' : conversion de 'uint64_t' en 'unsigned int', perte possible de données
     1>c:\these\devcomets\ffmpeg_tcl\ffmpeg_tcl\ffmpegvideo.cpp(388): warning C4700: variable locale 'frameNr' non initialisée utilisée
       ManifestResourceCompile:
         Toutes les sorties sont à jour.
       Link:
         c:\Program Files (x86)\Microsoft Visual Studio 10.0\VC\bin\link.exe /ERRORREPORT:PROMPT /OUT:"C:\These\devComets\FFMPEG_TCL\FFMPEG_TCL\Debug\FFMPEG_TCL.dll" /INCREMENTAL /NOLOGO /LIBPATH:C:\These\devComets\FFMPEG\lib /LIBPATH:C:\FMOD\api\lib /LIBPATH:C:\Tcl\lib kernel32.lib user32.lib gdi32.lib winspool.lib comdlg32.lib advapi32.lib shell32.lib ole32.lib oleaut32.lib uuid.lib odbc32.lib odbccp32.lib /MANIFEST /ManifestFile:"Debug\FFMPEG_TCL.dll.intermediate.manifest" /MANIFESTUAC:"level='asInvoker' uiAccess='false'" /DEBUG /PDB:"C:\These\devComets\FFMPEG_TCL\FFMPEG_TCL\Debug\FFMPEG_TCL.pdb" /SUBSYSTEM:WINDOWS /TLBID:1 /DYNAMICBASE /NXCOMPAT /IMPLIB:"C:\These\devComets\FFMPEG_TCL\FFMPEG_TCL\Debug\FFMPEG_TCL.lib" /MACHINE:X86 /DLL Debug\FFMPEG_TCL.dll.embed.manifest.res
         Debug\dllmain.obj
         Debug\FFMpegInit.obj
         Debug\ffmpegvideo.obj
         Debug\FFMPEG_TCL.obj
         Debug\Infos_audio.obj
         Debug\stdafx.obj
            Création de la bibliothèque C:\These\devComets\FFMPEG_TCL\FFMPEG_TCL\Debug\FFMPEG_TCL.lib et de l'objet C:\These\devComets\FFMPEG_TCL\FFMPEG_TCL\Debug\FFMPEG_TCL.exp
       Manifest:
         C:\Program Files (x86)\Microsoft SDKs\Windows\v7.0A\bin\mt.exe /nologo /verbose /out:"Debug\FFMPEG_TCL.dll.embed.manifest" /manifest Debug\FFMPEG_TCL.dll.intermediate.manifest
         C:\Program Files (x86)\Microsoft SDKs\Windows\v7.0A\bin\rc.exe /nologo /fo"Debug\FFMPEG_TCL.dll.embed.manifest.res" Debug\FFMPEG_TCL_manifest.rc 
       LinkEmbedManifest:
         c:\Program Files (x86)\Microsoft Visual Studio 10.0\VC\bin\link.exe /ERRORREPORT:PROMPT /OUT:"C:\These\devComets\FFMPEG_TCL\FFMPEG_TCL\Debug\FFMPEG_TCL.dll" /INCREMENTAL /NOLOGO /LIBPATH:C:\These\devComets\FFMPEG\lib /LIBPATH:C:\FMOD\api\lib /LIBPATH:C:\Tcl\lib kernel32.lib user32.lib gdi32.lib winspool.lib comdlg32.lib advapi32.lib shell32.lib ole32.lib oleaut32.lib uuid.lib odbc32.lib odbccp32.lib /MANIFEST /ManifestFile:"Debug\FFMPEG_TCL.dll.intermediate.manifest" /MANIFESTUAC:"level='asInvoker' uiAccess='false'" /DEBUG /PDB:"C:\These\devComets\FFMPEG_TCL\FFMPEG_TCL\Debug\FFMPEG_TCL.pdb" /SUBSYSTEM:WINDOWS /TLBID:1 /DYNAMICBASE /NXCOMPAT /IMPLIB:"C:\These\devComets\FFMPEG_TCL\FFMPEG_TCL\Debug\FFMPEG_TCL.lib" /MACHINE:X86 /DLL Debug\FFMPEG_TCL.dll.embed.manifest.res
         Debug\dllmain.obj
         Debug\FFMpegInit.obj
         Debug\ffmpegvideo.obj
         Debug\FFMPEG_TCL.obj
         Debug\Infos_audio.obj
         Debug\stdafx.obj
            Création de la bibliothèque C:\These\devComets\FFMPEG_TCL\FFMPEG_TCL\Debug\FFMPEG_TCL.lib et de l'objet C:\These\devComets\FFMPEG_TCL\FFMPEG_TCL\Debug\FFMPEG_TCL.exp
         FFMPEG_TCL.vcxproj -> C:\These\devComets\FFMPEG_TCL\FFMPEG_TCL\Debug\FFMPEG_TCL.dll
       FinalizeBuildStatus:
         Suppression du fichier "Debug\FFMPEG_TCL.unsuccessfulbuild".
         Mise à jour de l'horodatage "Debug\FFMPEG_TCL.lastbuildstate".
     1>Génération du projet "C:\These\devComets\FFMPEG_TCL\FFMPEG_TCL\FFMPEG_TCL.vcxproj" terminée (build cible(s)).

La génération a réussi.

Temps écoulé 00:00:01.71
